2022-10-06T09:09:58+00:00 CRITICAL Uncaught Error: Call to a member function get_image_id() on string in /Users/ottokingstedt/Local Sites/devgrocery/app/public/wp-content/plugins/woocommerce/templates/single-product/product-image.php:28
Stack trace:
#0 /Users/ottokingstedt/Local Sites/devgrocery/app/public/wp-content/plugins/woocommerce/includes/wc-core-functions.php(345): include()
#1 /Users/ottokingstedt/Local Sites/devgrocery/app/public/wp-content/plugins/woocommerce/includes/wc-template-functions.php(1549): wc_get_template('single-product/...')
#2 /Users/ottokingstedt/Local Sites/devgrocery/app/public/wp-content/themes/devgrocery/woocommerce.php(25): woocommerce_show_product_images()
#3 /Users/ottokingstedt/Local Sites/devgrocery/app/public/wp-includes/template-loader.php(106): include('/Users/ottoking...')
#4 /Users/ottokingstedt/Local Sites/devgrocery/app/public/wp-blog-header.php(19): require_once('/Users/ottoking...')
#5 /Users/ottokingstedt/Local Sites/devgrocery/app/public/index.php(17): require('/Users/ottoking...')
#6 {main}
  thro in /Users/ottokingstedt/Local Sites/devgrocery/app/public/wp-content/plugins/woocommerce/templates/single-product/product-image.php on line 28

2022-10-06T09:10:00+00:00 CRITICAL Uncaught Error: Call to a member function get_image_id() on null in /Users/ottokingstedt/Local Sites/devgrocery/app/public/wp-content/plugins/woocommerce/templates/single-product/product-image.php:28
Stack trace:
#0 /Users/ottokingstedt/Local Sites/devgrocery/app/public/wp-content/plugins/woocommerce/includes/wc-core-functions.php(345): include()
#1 /Users/ottokingstedt/Local Sites/devgrocery/app/public/wp-content/plugins/woocommerce/includes/wc-template-functions.php(1549): wc_get_template('single-product/...')
#2 /Users/ottokingstedt/Local Sites/devgrocery/app/public/wp-content/themes/devgrocery/woocommerce.php(25): woocommerce_show_product_images()
#3 /Users/ottokingstedt/Local Sites/devgrocery/app/public/wp-includes/template-loader.php(106): include('/Users/ottoking...')
#4 /Users/ottokingstedt/Local Sites/devgrocery/app/public/wp-blog-header.php(19): require_once('/Users/ottoking...')
#5 /Users/ottokingstedt/Local Sites/devgrocery/app/public/index.php(17): require('/Users/ottoking...')
#6 {main}
  thrown in /Users/ottokingstedt/Local Sites/devgrocery/app/public/wp-content/plugins/woocommerce/templates/single-product/product-image.php on line 28

2022-10-06T09:11:36+00:00 CRITICAL Uncaught Error: Call to a member function have_posts() on null in /Users/ottokingstedt/Local Sites/devgrocery/app/public/wp-content/themes/devgrocery/woocommerce.php:6
Stack trace:
#0 /Users/ottokingstedt/Local Sites/devgrocery/app/public/wp-includes/template-loader.php(106): include()
#1 /Users/ottokingstedt/Local Sites/devgrocery/app/public/wp-blog-header.php(19): require_once('/Users/ottoking...')
#2 /Users/ottokingstedt/Local Sites/devgrocery/app/public/index.php(17): require('/Users/ottoking...')
#3 {main}
  thrown in /Users/ottokingstedt/Local Sites/devgrocery/app/public/wp-content/themes/devgrocery/woocommerce.php on line 6

2022-10-06T09:12:49+00:00 CRITICAL Uncaught Error: Call to a member function have_posts() on null in /Users/ottokingstedt/Local Sites/devgrocery/app/public/wp-content/themes/devgrocery/woocommerce.php:6
Stack trace:
#0 /Users/ottokingstedt/Local Sites/devgrocery/app/public/wp-includes/template-loader.php(106): include()
#1 /Users/ottokingstedt/Local Sites/devgrocery/app/public/wp-blog-header.php(19): require_once('/Users/ottoking...')
#2 /Users/ottokingstedt/Local Sites/devgrocery/app/public/index.php(17): require('/Users/ottoking...')
#3 {main}
  thrown in /Users/ottokingstedt/Local Sites/devgrocery/app/public/wp-content/themes/devgrocery/woocommerce.php on line 6

2022-10-06T09:12:52+00:00 CRITICAL Uncaught Error: Call to a member function have_posts() on null in /Users/ottokingstedt/Local Sites/devgrocery/app/public/wp-content/themes/devgrocery/woocommerce.php:6
Stack trace:
#0 /Users/ottokingstedt/Local Sites/devgrocery/app/public/wp-includes/template-loader.php(106): include()
#1 /Users/ottokingstedt/Local Sites/devgrocery/app/public/wp-blog-header.php(19): require_once('/Users/ottoking...')
#2 /Users/ottokingstedt/Local Sites/devgrocery/app/public/index.php(17): require('/Users/ottoking...')
#3 {main}
  thrown in /Users/ottokingstedt/Local Sites/devgrocery/app/public/wp-content/themes/devgrocery/woocommerce.php on line 6

2022-10-06T12:21:38+00:00 CRITICAL Uncaught Error: Call to a member function get_cart_contents_count() on null in /Users/ottokingstedt/Local Sites/devgrocery/app/public/wp-content/themes/devgrocery/header.php:88
Stack trace:
#0 /Users/ottokingstedt/Local Sites/devgrocery/app/public/wp-includes/template.php(770): require_once()
#1 /Users/ottokingstedt/Local Sites/devgrocery/app/public/wp-includes/template.php(716): load_template('/Users/ottoking...', true, Array)
#2 /Users/ottokingstedt/Local Sites/devgrocery/app/public/wp-includes/general-template.php(48): locate_template(Array, true, true, Array)
#3 /Users/ottokingstedt/Local Sites/devgrocery/app/public/wp-content/themes/devgrocery/template-parts/blocks/testimonials.php(4): get_header()
#4 /Users/ottokingstedt/Local Sites/devgrocery/app/public/wp-content/plugins/advanced-custom-fields-pro/pro/blocks.php(390): include('/Users/ottoking...')
#5 /Users/ottokingstedt/Local Sites/devgrocery/app/public/wp-content/plugins/advanced-custom-fields-pro/pro/blocks.php(327): acf_render_block(Array, '', tru in /Users/ottokingstedt/Local Sites/devgrocery/app/public/wp-content/themes/devgrocery/header.php on line 88

2022-10-06T12:21:58+00:00 CRITICAL Uncaught Error: Call to a member function get_cart_contents_count() on null in /Users/ottokingstedt/Local Sites/devgrocery/app/public/wp-content/themes/devgrocery/header.php:88
Stack trace:
#0 /Users/ottokingstedt/Local Sites/devgrocery/app/public/wp-includes/template.php(770): require_once()
#1 /Users/ottokingstedt/Local Sites/devgrocery/app/public/wp-includes/template.php(716): load_template('/Users/ottoking...', true, Array)
#2 /Users/ottokingstedt/Local Sites/devgrocery/app/public/wp-includes/general-template.php(48): locate_template(Array, true, true, Array)
#3 /Users/ottokingstedt/Local Sites/devgrocery/app/public/wp-content/themes/devgrocery/template-parts/blocks/testimonials.php(4): get_header()
#4 /Users/ottokingstedt/Local Sites/devgrocery/app/public/wp-content/plugins/advanced-custom-fields-pro/pro/blocks.php(390): include('/Users/ottoking...')
#5 /Users/ottokingstedt/Local Sites/devgrocery/app/public/wp-content/plugins/advanced-custom-fields-pro/pro/blocks.php(327): acf_render_block(Array, '', tru in /Users/ottokingstedt/Local Sites/devgrocery/app/public/wp-content/themes/devgrocery/header.php on line 88

2022-10-06T20:15:56+00:00 CRITICAL syntax error, unexpected end of file, expecting elseif (T_ELSEIF) or else (T_ELSE) or endif (T_ENDIF) in /Users/ottokingstedt/Local Sites/devgrocery/app/public/wp-content/themes/devgrocery/woocommerce.php on line 43

2022-10-06T21:11:20+00:00 CRITICAL Uncaught Error: Call to undefined function devsneakers_post_thumbnail() in /Users/ottokingstedt/Local Sites/devgrocery/app/public/wp-content/themes/devgrocery/template-parts/content-search.php:17
Stack trace:
#0 /Users/ottokingstedt/Local Sites/devgrocery/app/public/wp-includes/template.php(772): require()
#1 /Users/ottokingstedt/Local Sites/devgrocery/app/public/wp-includes/template.php(716): load_template('/Users/ottoking...', false, Array)
#2 /Users/ottokingstedt/Local Sites/devgrocery/app/public/wp-includes/general-template.php(204): locate_template(Array, true, false, Array)
#3 /Users/ottokingstedt/Local Sites/devgrocery/app/public/wp-content/themes/devgrocery/search.php(10): get_template_part('template-parts/...')
#4 /Users/ottokingstedt/Local Sites/devgrocery/app/public/wp-includes/template-loader.php(106): include('/Users/ottoking...')
#5 /Users/ottokingstedt/Local Sites/devgrocery/app/public/wp-blog-header.php(19): require_once('/Users/ottoking...')
#6 /Users/ottokingstedt/Local Sites/devgrocery/app/ in /Users/ottokingstedt/Local Sites/devgrocery/app/public/wp-content/themes/devgrocery/template-parts/content-search.php on line 17

2022-10-06T21:12:18+00:00 CRITICAL Uncaught Error: Call to undefined function devgrocery_post_thumbnail() in /Users/ottokingstedt/Local Sites/devgrocery/app/public/wp-content/themes/devgrocery/template-parts/content-search.php:17
Stack trace:
#0 /Users/ottokingstedt/Local Sites/devgrocery/app/public/wp-includes/template.php(772): require()
#1 /Users/ottokingstedt/Local Sites/devgrocery/app/public/wp-includes/template.php(716): load_template('/Users/ottoking...', false, Array)
#2 /Users/ottokingstedt/Local Sites/devgrocery/app/public/wp-includes/general-template.php(204): locate_template(Array, true, false, Array)
#3 /Users/ottokingstedt/Local Sites/devgrocery/app/public/wp-content/themes/devgrocery/search.php(10): get_template_part('template-parts/...')
#4 /Users/ottokingstedt/Local Sites/devgrocery/app/public/wp-includes/template-loader.php(106): include('/Users/ottoking...')
#5 /Users/ottokingstedt/Local Sites/devgrocery/app/public/wp-blog-header.php(19): require_once('/Users/ottoking...')
#6 /Users/ottokingstedt/Local Sites/devgrocery/app/p in /Users/ottokingstedt/Local Sites/devgrocery/app/public/wp-content/themes/devgrocery/template-parts/content-search.php on line 17

2022-10-06T21:12:37+00:00 CRITICAL Uncaught Error: Call to undefined function get_post_thumbnail() in /Users/ottokingstedt/Local Sites/devgrocery/app/public/wp-content/themes/devgrocery/template-parts/content-search.php:17
Stack trace:
#0 /Users/ottokingstedt/Local Sites/devgrocery/app/public/wp-includes/template.php(772): require()
#1 /Users/ottokingstedt/Local Sites/devgrocery/app/public/wp-includes/template.php(716): load_template('/Users/ottoking...', false, Array)
#2 /Users/ottokingstedt/Local Sites/devgrocery/app/public/wp-includes/general-template.php(204): locate_template(Array, true, false, Array)
#3 /Users/ottokingstedt/Local Sites/devgrocery/app/public/wp-content/themes/devgrocery/search.php(10): get_template_part('template-parts/...')
#4 /Users/ottokingstedt/Local Sites/devgrocery/app/public/wp-includes/template-loader.php(106): include('/Users/ottoking...')
#5 /Users/ottokingstedt/Local Sites/devgrocery/app/public/wp-blog-header.php(19): require_once('/Users/ottoking...')
#6 /Users/ottokingstedt/Local Sites/devgrocery/app/public/i in /Users/ottokingstedt/Local Sites/devgrocery/app/public/wp-content/themes/devgrocery/template-parts/content-search.php on line 17

