2022-10-04T08:26:41+00:00 CRITICAL Uncaught Error: Call to a member function have_posts() on null in /Applications/MAMP/htdocs/woocommerce-grupp10/wp-content/themes/devgrocery/page.php:11
Stack trace:
#0 /Applications/MAMP/htdocs/woocommerce-grupp10/wp-includes/template-loader.php(106): include()
#1 /Applications/MAMP/htdocs/woocommerce-grupp10/wp-blog-header.php(19): require_once('/Applications/M...')
#2 /Applications/MAMP/htdocs/woocommerce-grupp10/index.php(17): require('/Applications/M...')
#3 {main}
  thrown in /Applications/MAMP/htdocs/woocommerce-grupp10/wp-content/themes/devgrocery/page.php on line 11

2022-10-04T08:26:43+00:00 CRITICAL Uncaught Error: Call to a member function have_posts() on null in /Applications/MAMP/htdocs/woocommerce-grupp10/wp-content/themes/devgrocery/page.php:11
Stack trace:
#0 /Applications/MAMP/htdocs/woocommerce-grupp10/wp-includes/template-loader.php(106): include()
#1 /Applications/MAMP/htdocs/woocommerce-grupp10/wp-blog-header.php(19): require_once('/Applications/M...')
#2 /Applications/MAMP/htdocs/woocommerce-grupp10/index.php(17): require('/Applications/M...')
#3 {main}
  thrown in /Applications/MAMP/htdocs/woocommerce-grupp10/wp-content/themes/devgrocery/page.php on line 11

2022-10-04T08:26:46+00:00 CRITICAL Uncaught Error: Call to a member function have_posts() on null in /Applications/MAMP/htdocs/woocommerce-grupp10/wp-content/themes/devgrocery/page.php:11
Stack trace:
#0 /Applications/MAMP/htdocs/woocommerce-grupp10/wp-includes/template-loader.php(106): include()
#1 /Applications/MAMP/htdocs/woocommerce-grupp10/wp-blog-header.php(19): require_once('/Applications/M...')
#2 /Applications/MAMP/htdocs/woocommerce-grupp10/index.php(17): require('/Applications/M...')
#3 {main}
  thrown in /Applications/MAMP/htdocs/woocommerce-grupp10/wp-content/themes/devgrocery/page.php on line 11

2022-10-04T08:27:30+00:00 CRITICAL Uncaught Error: Call to a member function have_posts() on null in /Applications/MAMP/htdocs/woocommerce-grupp10/wp-content/themes/devgrocery/page.php:11
Stack trace:
#0 /Applications/MAMP/htdocs/woocommerce-grupp10/wp-includes/template-loader.php(106): include()
#1 /Applications/MAMP/htdocs/woocommerce-grupp10/wp-blog-header.php(19): require_once('/Applications/M...')
#2 /Applications/MAMP/htdocs/woocommerce-grupp10/index.php(17): require('/Applications/M...')
#3 {main}
  thrown in /Applications/MAMP/htdocs/woocommerce-grupp10/wp-content/themes/devgrocery/page.php on line 11

2022-10-04T08:27:32+00:00 CRITICAL Uncaught Error: Call to a member function have_posts() on null in /Applications/MAMP/htdocs/woocommerce-grupp10/wp-content/themes/devgrocery/page.php:11
Stack trace:
#0 /Applications/MAMP/htdocs/woocommerce-grupp10/wp-includes/template-loader.php(106): include()
#1 /Applications/MAMP/htdocs/woocommerce-grupp10/wp-blog-header.php(19): require_once('/Applications/M...')
#2 /Applications/MAMP/htdocs/woocommerce-grupp10/index.php(17): require('/Applications/M...')
#3 {main}
  thrown in /Applications/MAMP/htdocs/woocommerce-grupp10/wp-content/themes/devgrocery/page.php on line 11

2022-10-04T08:27:35+00:00 CRITICAL Uncaught Error: Call to a member function have_posts() on null in /Applications/MAMP/htdocs/woocommerce-grupp10/wp-content/themes/devgrocery/page.php:11
Stack trace:
#0 /Applications/MAMP/htdocs/woocommerce-grupp10/wp-includes/template-loader.php(106): include()
#1 /Applications/MAMP/htdocs/woocommerce-grupp10/wp-blog-header.php(19): require_once('/Applications/M...')
#2 /Applications/MAMP/htdocs/woocommerce-grupp10/index.php(17): require('/Applications/M...')
#3 {main}
  thrown in /Applications/MAMP/htdocs/woocommerce-grupp10/wp-content/themes/devgrocery/page.php on line 11

2022-10-04T08:28:02+00:00 CRITICAL Uncaught Error: Call to a member function have_posts() on null in /Applications/MAMP/htdocs/woocommerce-grupp10/wp-content/themes/devgrocery/page.php:11
Stack trace:
#0 /Applications/MAMP/htdocs/woocommerce-grupp10/wp-includes/template-loader.php(106): include()
#1 /Applications/MAMP/htdocs/woocommerce-grupp10/wp-blog-header.php(19): require_once('/Applications/M...')
#2 /Applications/MAMP/htdocs/woocommerce-grupp10/index.php(17): require('/Applications/M...')
#3 {main}
  thrown in /Applications/MAMP/htdocs/woocommerce-grupp10/wp-content/themes/devgrocery/page.php on line 11

2022-10-04T08:53:25+00:00 CRITICAL Cannot redeclare process_contact_form() (previously declared in /Applications/MAMP/htdocs/woocommerce-grupp10/wp-content/themes/devgrocery/functions.php:256) in /Applications/MAMP/htdocs/woocommerce-grupp10/wp-content/themes/devgrocery/functions.php on line 324

2022-10-04T08:56:44+00:00 CRITICAL Cannot redeclare process_contact_form() (previously declared in /Applications/MAMP/htdocs/woocommerce-grupp10/wp-content/themes/devgrocery/functions.php:228) in /Applications/MAMP/htdocs/woocommerce-grupp10/wp-content/themes/devgrocery/functions.php on line 288

2022-10-04T08:56:50+00:00 CRITICAL Cannot redeclare process_contact_form() (previously declared in /Applications/MAMP/htdocs/woocommerce-grupp10/wp-content/themes/devgrocery/functions.php:228) in /Applications/MAMP/htdocs/woocommerce-grupp10/wp-content/themes/devgrocery/functions.php on line 288

2022-10-04T09:53:27+00:00 CRITICAL syntax error, unexpected 'else' (T_ELSE), expecting end of file in /Applications/MAMP/htdocs/woocommerce-grupp10/wp-content/themes/devgrocery/index.php on line 39

2022-10-04T09:54:31+00:00 CRITICAL syntax error, unexpected 'else' (T_ELSE), expecting end of file in /Applications/MAMP/htdocs/woocommerce-grupp10/wp-content/themes/devgrocery/index.php on line 39

2022-10-04T11:22:07+00:00 CRITICAL Uncaught Error: Call to a member function have_posts() on null in /Applications/MAMP/htdocs/woocommerce-grupp10/wp-content/themes/devgrocery/page.php:11
Stack trace:
#0 /Applications/MAMP/htdocs/woocommerce-grupp10/wp-includes/template-loader.php(106): include()
#1 /Applications/MAMP/htdocs/woocommerce-grupp10/wp-blog-header.php(19): require_once('/Applications/M...')
#2 /Applications/MAMP/htdocs/woocommerce-grupp10/index.php(17): require('/Applications/M...')
#3 {main}
  thrown in /Applications/MAMP/htdocs/woocommerce-grupp10/wp-content/themes/devgrocery/page.php on line 11

2022-10-04T11:23:22+00:00 CRITICAL Uncaught Error: Call to a member function have_posts() on null in /Applications/MAMP/htdocs/woocommerce-grupp10/wp-content/themes/devgrocery/page.php:11
Stack trace:
#0 /Applications/MAMP/htdocs/woocommerce-grupp10/wp-includes/template-loader.php(106): include()
#1 /Applications/MAMP/htdocs/woocommerce-grupp10/wp-blog-header.php(19): require_once('/Applications/M...')
#2 /Applications/MAMP/htdocs/woocommerce-grupp10/index.php(17): require('/Applications/M...')
#3 {main}
  thrown in /Applications/MAMP/htdocs/woocommerce-grupp10/wp-content/themes/devgrocery/page.php on line 11

2022-10-04T11:54:08+00:00 CRITICAL Uncaught Error: Call to a member function have_posts() on null in /Applications/MAMP/htdocs/woocommerce-grupp10/wp-content/themes/devgrocery/page.php:11
Stack trace:
#0 /Applications/MAMP/htdocs/woocommerce-grupp10/wp-includes/template-loader.php(106): include()
#1 /Applications/MAMP/htdocs/woocommerce-grupp10/wp-blog-header.php(19): require_once('/Applications/M...')
#2 /Applications/MAMP/htdocs/woocommerce-grupp10/index.php(17): require('/Applications/M...')
#3 {main}
  thrown in /Applications/MAMP/htdocs/woocommerce-grupp10/wp-content/themes/devgrocery/page.php on line 11

