2022-10-03T21:15:39+00:00 CRITICAL Uncaught Error: Call to a member function have_posts() on null in /Applications/MAMP/htdocs/woocommerce-grupp10/wp-content/themes/devgrocery/page.php:9
Stack trace:
#0 /Applications/MAMP/htdocs/woocommerce-grupp10/wp-includes/template-loader.php(106): include()
#1 /Applications/MAMP/htdocs/woocommerce-grupp10/wp-blog-header.php(19): require_once('/Applications/M...')
#2 /Applications/MAMP/htdocs/woocommerce-grupp10/index.php(17): require('/Applications/M...')
#3 {main}
  thrown in /Applications/MAMP/htdocs/woocommerce-grupp10/wp-content/themes/devgrocery/page.php on line 9

2022-10-03T21:16:03+00:00 CRITICAL Uncaught Error: Call to a member function have_posts() on null in /Applications/MAMP/htdocs/woocommerce-grupp10/wp-content/themes/devgrocery/page.php:9
Stack trace:
#0 /Applications/MAMP/htdocs/woocommerce-grupp10/wp-includes/template-loader.php(106): include()
#1 /Applications/MAMP/htdocs/woocommerce-grupp10/wp-blog-header.php(19): require_once('/Applications/M...')
#2 /Applications/MAMP/htdocs/woocommerce-grupp10/index.php(17): require('/Applications/M...')
#3 {main}
  thrown in /Applications/MAMP/htdocs/woocommerce-grupp10/wp-content/themes/devgrocery/page.php on line 9

2022-10-03T21:16:06+00:00 CRITICAL Uncaught Error: Call to a member function have_posts() on null in /Applications/MAMP/htdocs/woocommerce-grupp10/wp-content/themes/devgrocery/page.php:9
Stack trace:
#0 /Applications/MAMP/htdocs/woocommerce-grupp10/wp-includes/template-loader.php(106): include()
#1 /Applications/MAMP/htdocs/woocommerce-grupp10/wp-blog-header.php(19): require_once('/Applications/M...')
#2 /Applications/MAMP/htdocs/woocommerce-grupp10/index.php(17): require('/Applications/M...')
#3 {main}
  thrown in /Applications/MAMP/htdocs/woocommerce-grupp10/wp-content/themes/devgrocery/page.php on line 9

2022-10-03T21:16:24+00:00 CRITICAL Uncaught Error: Call to a member function have_posts() on null in /Applications/MAMP/htdocs/woocommerce-grupp10/wp-content/themes/devgrocery/page.php:9
Stack trace:
#0 /Applications/MAMP/htdocs/woocommerce-grupp10/wp-includes/template-loader.php(106): include()
#1 /Applications/MAMP/htdocs/woocommerce-grupp10/wp-blog-header.php(19): require_once('/Applications/M...')
#2 /Applications/MAMP/htdocs/woocommerce-grupp10/index.php(17): require('/Applications/M...')
#3 {main}
  thrown in /Applications/MAMP/htdocs/woocommerce-grupp10/wp-content/themes/devgrocery/page.php on line 9

2022-10-03T21:25:41+00:00 CRITICAL Uncaught Error: Call to undefined function devgrocery_posted_on() in /Applications/MAMP/htdocs/woocommerce-grupp10/wp-content/themes/devgrocery/template-parts/content.php:21
Stack trace:
#0 /Applications/MAMP/htdocs/woocommerce-grupp10/wp-includes/template.php(772): require()
#1 /Applications/MAMP/htdocs/woocommerce-grupp10/wp-includes/template.php(716): load_template('/Applications/M...', false, Array)
#2 /Applications/MAMP/htdocs/woocommerce-grupp10/wp-includes/general-template.php(204): locate_template(Array, true, false, Array)
#3 /Applications/MAMP/htdocs/woocommerce-grupp10/wp-content/themes/devgrocery/archive.php(30): get_template_part('template-parts/...', 'post')
#4 /Applications/MAMP/htdocs/woocommerce-grupp10/wp-includes/template-loader.php(106): include('/Applications/M...')
#5 /Applications/MAMP/htdocs/woocommerce-grupp10/wp-blog-header.php(19): require_once('/Applications/M...')
#6 /Applications/MAMP/htdocs/woocommerce-grupp10/index.php(17): require('/Applications/M...')
#7 {main}
  thrown in /Applications/MAMP/htdocs/woocommerce-grupp10/wp-content/themes/devgrocery/template-parts/content.php on line 21

2022-10-03T21:25:53+00:00 CRITICAL Uncaught Error: Call to a member function have_posts() on null in /Applications/MAMP/htdocs/woocommerce-grupp10/wp-content/themes/devgrocery/page.php:9
Stack trace:
#0 /Applications/MAMP/htdocs/woocommerce-grupp10/wp-includes/template-loader.php(106): include()
#1 /Applications/MAMP/htdocs/woocommerce-grupp10/wp-blog-header.php(19): require_once('/Applications/M...')
#2 /Applications/MAMP/htdocs/woocommerce-grupp10/index.php(17): require('/Applications/M...')
#3 {main}
  thrown in /Applications/MAMP/htdocs/woocommerce-grupp10/wp-content/themes/devgrocery/page.php on line 9

2022-10-03T21:25:57+00:00 CRITICAL Uncaught Error: Call to a member function have_posts() on null in /Applications/MAMP/htdocs/woocommerce-grupp10/wp-content/themes/devgrocery/page.php:9
Stack trace:
#0 /Applications/MAMP/htdocs/woocommerce-grupp10/wp-includes/template-loader.php(106): include()
#1 /Applications/MAMP/htdocs/woocommerce-grupp10/wp-blog-header.php(19): require_once('/Applications/M...')
#2 /Applications/MAMP/htdocs/woocommerce-grupp10/index.php(17): require('/Applications/M...')
#3 {main}
  thrown in /Applications/MAMP/htdocs/woocommerce-grupp10/wp-content/themes/devgrocery/page.php on line 9

2022-10-03T21:26:04+00:00 CRITICAL Uncaught Error: Call to a member function have_posts() on null in /Applications/MAMP/htdocs/woocommerce-grupp10/wp-content/themes/devgrocery/page.php:9
Stack trace:
#0 /Applications/MAMP/htdocs/woocommerce-grupp10/wp-includes/template-loader.php(106): include()
#1 /Applications/MAMP/htdocs/woocommerce-grupp10/wp-blog-header.php(19): require_once('/Applications/M...')
#2 /Applications/MAMP/htdocs/woocommerce-grupp10/index.php(17): require('/Applications/M...')
#3 {main}
  thrown in /Applications/MAMP/htdocs/woocommerce-grupp10/wp-content/themes/devgrocery/page.php on line 9

2022-10-03T21:26:10+00:00 CRITICAL Uncaught Error: Call to a member function have_posts() on null in /Applications/MAMP/htdocs/woocommerce-grupp10/wp-content/themes/devgrocery/page.php:9
Stack trace:
#0 /Applications/MAMP/htdocs/woocommerce-grupp10/wp-includes/template-loader.php(106): include()
#1 /Applications/MAMP/htdocs/woocommerce-grupp10/wp-blog-header.php(19): require_once('/Applications/M...')
#2 /Applications/MAMP/htdocs/woocommerce-grupp10/index.php(17): require('/Applications/M...')
#3 {main}
  thrown in /Applications/MAMP/htdocs/woocommerce-grupp10/wp-content/themes/devgrocery/page.php on line 9

2022-10-03T21:26:21+00:00 CRITICAL Uncaught Error: Call to a member function have_posts() on null in /Applications/MAMP/htdocs/woocommerce-grupp10/wp-content/themes/devgrocery/page.php:9
Stack trace:
#0 /Applications/MAMP/htdocs/woocommerce-grupp10/wp-includes/template-loader.php(106): include()
#1 /Applications/MAMP/htdocs/woocommerce-grupp10/wp-blog-header.php(19): require_once('/Applications/M...')
#2 /Applications/MAMP/htdocs/woocommerce-grupp10/index.php(17): require('/Applications/M...')
#3 {main}
  thrown in /Applications/MAMP/htdocs/woocommerce-grupp10/wp-content/themes/devgrocery/page.php on line 9

2022-10-03T21:26:23+00:00 CRITICAL Uncaught Error: Call to a member function have_posts() on null in /Applications/MAMP/htdocs/woocommerce-grupp10/wp-content/themes/devgrocery/page.php:9
Stack trace:
#0 /Applications/MAMP/htdocs/woocommerce-grupp10/wp-includes/template-loader.php(106): include()
#1 /Applications/MAMP/htdocs/woocommerce-grupp10/wp-blog-header.php(19): require_once('/Applications/M...')
#2 /Applications/MAMP/htdocs/woocommerce-grupp10/index.php(17): require('/Applications/M...')
#3 {main}
  thrown in /Applications/MAMP/htdocs/woocommerce-grupp10/wp-content/themes/devgrocery/page.php on line 9

2022-10-03T21:26:26+00:00 CRITICAL Uncaught Error: Call to a member function have_posts() on null in /Applications/MAMP/htdocs/woocommerce-grupp10/wp-content/themes/devgrocery/page.php:9
Stack trace:
#0 /Applications/MAMP/htdocs/woocommerce-grupp10/wp-includes/template-loader.php(106): include()
#1 /Applications/MAMP/htdocs/woocommerce-grupp10/wp-blog-header.php(19): require_once('/Applications/M...')
#2 /Applications/MAMP/htdocs/woocommerce-grupp10/index.php(17): require('/Applications/M...')
#3 {main}
  thrown in /Applications/MAMP/htdocs/woocommerce-grupp10/wp-content/themes/devgrocery/page.php on line 9

2022-10-03T21:27:14+00:00 CRITICAL Uncaught Error: Call to a member function have_posts() on null in /Applications/MAMP/htdocs/woocommerce-grupp10/wp-content/themes/devgrocery/page.php:9
Stack trace:
#0 /Applications/MAMP/htdocs/woocommerce-grupp10/wp-includes/template-loader.php(106): include()
#1 /Applications/MAMP/htdocs/woocommerce-grupp10/wp-blog-header.php(19): require_once('/Applications/M...')
#2 /Applications/MAMP/htdocs/woocommerce-grupp10/index.php(17): require('/Applications/M...')
#3 {main}
  thrown in /Applications/MAMP/htdocs/woocommerce-grupp10/wp-content/themes/devgrocery/page.php on line 9

2022-10-03T21:27:38+00:00 CRITICAL Uncaught Error: Call to a member function have_posts() on null in /Applications/MAMP/htdocs/woocommerce-grupp10/wp-content/themes/devgrocery/page.php:9
Stack trace:
#0 /Applications/MAMP/htdocs/woocommerce-grupp10/wp-includes/template-loader.php(106): include()
#1 /Applications/MAMP/htdocs/woocommerce-grupp10/wp-blog-header.php(19): require_once('/Applications/M...')
#2 /Applications/MAMP/htdocs/woocommerce-grupp10/index.php(17): require('/Applications/M...')
#3 {main}
  thrown in /Applications/MAMP/htdocs/woocommerce-grupp10/wp-content/themes/devgrocery/page.php on line 9

2022-10-03T21:27:52+00:00 CRITICAL Uncaught Error: Call to a member function have_posts() on null in /Applications/MAMP/htdocs/woocommerce-grupp10/wp-content/themes/devgrocery/page.php:9
Stack trace:
#0 /Applications/MAMP/htdocs/woocommerce-grupp10/wp-includes/template-loader.php(106): include()
#1 /Applications/MAMP/htdocs/woocommerce-grupp10/wp-blog-header.php(19): require_once('/Applications/M...')
#2 /Applications/MAMP/htdocs/woocommerce-grupp10/index.php(17): require('/Applications/M...')
#3 {main}
  thrown in /Applications/MAMP/htdocs/woocommerce-grupp10/wp-content/themes/devgrocery/page.php on line 9

2022-10-03T21:28:32+00:00 CRITICAL Uncaught Error: Call to a member function have_posts() on null in /Applications/MAMP/htdocs/woocommerce-grupp10/wp-content/themes/devgrocery/page.php:9
Stack trace:
#0 /Applications/MAMP/htdocs/woocommerce-grupp10/wp-includes/template-loader.php(106): include()
#1 /Applications/MAMP/htdocs/woocommerce-grupp10/wp-blog-header.php(19): require_once('/Applications/M...')
#2 /Applications/MAMP/htdocs/woocommerce-grupp10/index.php(17): require('/Applications/M...')
#3 {main}
  thrown in /Applications/MAMP/htdocs/woocommerce-grupp10/wp-content/themes/devgrocery/page.php on line 9

2022-10-03T21:28:41+00:00 CRITICAL Uncaught Error: Call to a member function have_posts() on null in /Applications/MAMP/htdocs/woocommerce-grupp10/wp-content/themes/devgrocery/page.php:9
Stack trace:
#0 /Applications/MAMP/htdocs/woocommerce-grupp10/wp-includes/template-loader.php(106): include()
#1 /Applications/MAMP/htdocs/woocommerce-grupp10/wp-blog-header.php(19): require_once('/Applications/M...')
#2 /Applications/MAMP/htdocs/woocommerce-grupp10/index.php(17): require('/Applications/M...')
#3 {main}
  thrown in /Applications/MAMP/htdocs/woocommerce-grupp10/wp-content/themes/devgrocery/page.php on line 9

2022-10-03T21:29:37+00:00 CRITICAL Uncaught Error: Call to a member function have_posts() on null in /Applications/MAMP/htdocs/woocommerce-grupp10/wp-content/themes/devgrocery/page.php:9
Stack trace:
#0 /Applications/MAMP/htdocs/woocommerce-grupp10/wp-includes/template-loader.php(106): include()
#1 /Applications/MAMP/htdocs/woocommerce-grupp10/wp-blog-header.php(19): require_once('/Applications/M...')
#2 /Applications/MAMP/htdocs/woocommerce-grupp10/index.php(17): require('/Applications/M...')
#3 {main}
  thrown in /Applications/MAMP/htdocs/woocommerce-grupp10/wp-content/themes/devgrocery/page.php on line 9

2022-10-03T21:29:39+00:00 CRITICAL Uncaught Error: Call to a member function have_posts() on null in /Applications/MAMP/htdocs/woocommerce-grupp10/wp-content/themes/devgrocery/page.php:9
Stack trace:
#0 /Applications/MAMP/htdocs/woocommerce-grupp10/wp-includes/template-loader.php(106): include()
#1 /Applications/MAMP/htdocs/woocommerce-grupp10/wp-blog-header.php(19): require_once('/Applications/M...')
#2 /Applications/MAMP/htdocs/woocommerce-grupp10/index.php(17): require('/Applications/M...')
#3 {main}
  thrown in /Applications/MAMP/htdocs/woocommerce-grupp10/wp-content/themes/devgrocery/page.php on line 9

2022-10-03T21:30:19+00:00 CRITICAL Uncaught Error: Call to a member function have_posts() on null in /Applications/MAMP/htdocs/woocommerce-grupp10/wp-content/themes/devgrocery/page.php:9
Stack trace:
#0 /Applications/MAMP/htdocs/woocommerce-grupp10/wp-includes/template-loader.php(106): include()
#1 /Applications/MAMP/htdocs/woocommerce-grupp10/wp-blog-header.php(19): require_once('/Applications/M...')
#2 /Applications/MAMP/htdocs/woocommerce-grupp10/index.php(17): require('/Applications/M...')
#3 {main}
  thrown in /Applications/MAMP/htdocs/woocommerce-grupp10/wp-content/themes/devgrocery/page.php on line 9

2022-10-03T21:30:37+00:00 CRITICAL Uncaught Error: Call to a member function have_posts() on null in /Applications/MAMP/htdocs/woocommerce-grupp10/wp-content/themes/devgrocery/page.php:9
Stack trace:
#0 /Applications/MAMP/htdocs/woocommerce-grupp10/wp-includes/template-loader.php(106): include()
#1 /Applications/MAMP/htdocs/woocommerce-grupp10/wp-blog-header.php(19): require_once('/Applications/M...')
#2 /Applications/MAMP/htdocs/woocommerce-grupp10/index.php(17): require('/Applications/M...')
#3 {main}
  thrown in /Applications/MAMP/htdocs/woocommerce-grupp10/wp-content/themes/devgrocery/page.php on line 9

2022-10-03T21:32:51+00:00 CRITICAL Uncaught Error: Call to a member function have_posts() on null in /Applications/MAMP/htdocs/woocommerce-grupp10/wp-content/themes/devgrocery/page.php:9
Stack trace:
#0 /Applications/MAMP/htdocs/woocommerce-grupp10/wp-includes/template-loader.php(106): include()
#1 /Applications/MAMP/htdocs/woocommerce-grupp10/wp-blog-header.php(19): require_once('/Applications/M...')
#2 /Applications/MAMP/htdocs/woocommerce-grupp10/index.php(17): require('/Applications/M...')
#3 {main}
  thrown in /Applications/MAMP/htdocs/woocommerce-grupp10/wp-content/themes/devgrocery/page.php on line 9

2022-10-03T21:34:41+00:00 CRITICAL Uncaught Error: Call to a member function have_posts() on null in /Applications/MAMP/htdocs/woocommerce-grupp10/wp-content/themes/devgrocery/page.php:9
Stack trace:
#0 /Applications/MAMP/htdocs/woocommerce-grupp10/wp-includes/template-loader.php(106): include()
#1 /Applications/MAMP/htdocs/woocommerce-grupp10/wp-blog-header.php(19): require_once('/Applications/M...')
#2 /Applications/MAMP/htdocs/woocommerce-grupp10/index.php(17): require('/Applications/M...')
#3 {main}
  thrown in /Applications/MAMP/htdocs/woocommerce-grupp10/wp-content/themes/devgrocery/page.php on line 9

2022-10-03T21:34:46+00:00 CRITICAL Uncaught Error: Call to a member function have_posts() on null in /Applications/MAMP/htdocs/woocommerce-grupp10/wp-content/themes/devgrocery/page.php:9
Stack trace:
#0 /Applications/MAMP/htdocs/woocommerce-grupp10/wp-includes/template-loader.php(106): include()
#1 /Applications/MAMP/htdocs/woocommerce-grupp10/wp-blog-header.php(19): require_once('/Applications/M...')
#2 /Applications/MAMP/htdocs/woocommerce-grupp10/index.php(17): require('/Applications/M...')
#3 {main}
  thrown in /Applications/MAMP/htdocs/woocommerce-grupp10/wp-content/themes/devgrocery/page.php on line 9

2022-10-03T22:01:17+00:00 CRITICAL Uncaught Error: Call to a member function have_posts() on null in /Applications/MAMP/htdocs/woocommerce-grupp10/wp-content/themes/devgrocery/page.php:11
Stack trace:
#0 /Applications/MAMP/htdocs/woocommerce-grupp10/wp-includes/template-loader.php(106): include()
#1 /Applications/MAMP/htdocs/woocommerce-grupp10/wp-blog-header.php(19): require_once('/Applications/M...')
#2 /Applications/MAMP/htdocs/woocommerce-grupp10/index.php(17): require('/Applications/M...')
#3 {main}
  thrown in /Applications/MAMP/htdocs/woocommerce-grupp10/wp-content/themes/devgrocery/page.php on line 11

2022-10-03T22:01:19+00:00 CRITICAL Uncaught Error: Call to a member function have_posts() on null in /Applications/MAMP/htdocs/woocommerce-grupp10/wp-content/themes/devgrocery/page.php:11
Stack trace:
#0 /Applications/MAMP/htdocs/woocommerce-grupp10/wp-includes/template-loader.php(106): include()
#1 /Applications/MAMP/htdocs/woocommerce-grupp10/wp-blog-header.php(19): require_once('/Applications/M...')
#2 /Applications/MAMP/htdocs/woocommerce-grupp10/index.php(17): require('/Applications/M...')
#3 {main}
  thrown in /Applications/MAMP/htdocs/woocommerce-grupp10/wp-content/themes/devgrocery/page.php on line 11

2022-10-03T22:01:43+00:00 CRITICAL Uncaught Error: Call to a member function have_posts() on null in /Applications/MAMP/htdocs/woocommerce-grupp10/wp-content/themes/devgrocery/page.php:11
Stack trace:
#0 /Applications/MAMP/htdocs/woocommerce-grupp10/wp-includes/template-loader.php(106): include()
#1 /Applications/MAMP/htdocs/woocommerce-grupp10/wp-blog-header.php(19): require_once('/Applications/M...')
#2 /Applications/MAMP/htdocs/woocommerce-grupp10/index.php(17): require('/Applications/M...')
#3 {main}
  thrown in /Applications/MAMP/htdocs/woocommerce-grupp10/wp-content/themes/devgrocery/page.php on line 11

2022-10-03T22:01:46+00:00 CRITICAL Uncaught Error: Call to a member function have_posts() on null in /Applications/MAMP/htdocs/woocommerce-grupp10/wp-content/themes/devgrocery/page.php:11
Stack trace:
#0 /Applications/MAMP/htdocs/woocommerce-grupp10/wp-includes/template-loader.php(106): include()
#1 /Applications/MAMP/htdocs/woocommerce-grupp10/wp-blog-header.php(19): require_once('/Applications/M...')
#2 /Applications/MAMP/htdocs/woocommerce-grupp10/index.php(17): require('/Applications/M...')
#3 {main}
  thrown in /Applications/MAMP/htdocs/woocommerce-grupp10/wp-content/themes/devgrocery/page.php on line 11

2022-10-03T22:40:25+00:00 CRITICAL Cannot redeclare is_category() (previously declared in /Applications/MAMP/htdocs/woocommerce-grupp10/wp-includes/query.php:270) in /Applications/MAMP/htdocs/woocommerce-grupp10/wp-content/themes/devgrocery/functions.php on line 365

2022-10-03T22:40:38+00:00 CRITICAL Cannot redeclare is_category() (previously declared in /Applications/MAMP/htdocs/woocommerce-grupp10/wp-includes/query.php:270) in /Applications/MAMP/htdocs/woocommerce-grupp10/wp-content/themes/devgrocery/functions.php on line 317

2022-10-03T22:40:43+00:00 CRITICAL Cannot redeclare is_category() (previously declared in /Applications/MAMP/htdocs/woocommerce-grupp10/wp-includes/query.php:270) in /Applications/MAMP/htdocs/woocommerce-grupp10/wp-content/themes/devgrocery/functions.php on line 317

2022-10-03T22:58:09+00:00 CRITICAL syntax error, unexpected '<', expecting elseif (T_ELSEIF) or else (T_ELSE) or endif (T_ENDIF) in /Applications/MAMP/htdocs/woocommerce-grupp10/wp-content/themes/devgrocery/category.php on line 46

2022-10-03T23:00:00+00:00 CRITICAL Uncaught Error: Call to a member function have_posts() on null in /Applications/MAMP/htdocs/woocommerce-grupp10/wp-content/themes/devgrocery/page.php:11
Stack trace:
#0 /Applications/MAMP/htdocs/woocommerce-grupp10/wp-includes/template-loader.php(106): include()
#1 /Applications/MAMP/htdocs/woocommerce-grupp10/wp-blog-header.php(19): require_once('/Applications/M...')
#2 /Applications/MAMP/htdocs/woocommerce-grupp10/index.php(17): require('/Applications/M...')
#3 {main}
  thrown in /Applications/MAMP/htdocs/woocommerce-grupp10/wp-content/themes/devgrocery/page.php on line 11

2022-10-03T23:00:07+00:00 CRITICAL Uncaught Error: Call to a member function have_posts() on null in /Applications/MAMP/htdocs/woocommerce-grupp10/wp-content/themes/devgrocery/page.php:11
Stack trace:
#0 /Applications/MAMP/htdocs/woocommerce-grupp10/wp-includes/template-loader.php(106): include()
#1 /Applications/MAMP/htdocs/woocommerce-grupp10/wp-blog-header.php(19): require_once('/Applications/M...')
#2 /Applications/MAMP/htdocs/woocommerce-grupp10/index.php(17): require('/Applications/M...')
#3 {main}
  thrown in /Applications/MAMP/htdocs/woocommerce-grupp10/wp-content/themes/devgrocery/page.php on line 11

2022-10-03T23:07:53+00:00 CRITICAL Uncaught Error: Call to a member function have_posts() on null in /Applications/MAMP/htdocs/woocommerce-grupp10/wp-content/themes/devgrocery/page.php:11
Stack trace:
#0 /Applications/MAMP/htdocs/woocommerce-grupp10/wp-includes/template-loader.php(106): include()
#1 /Applications/MAMP/htdocs/woocommerce-grupp10/wp-blog-header.php(19): require_once('/Applications/M...')
#2 /Applications/MAMP/htdocs/woocommerce-grupp10/index.php(17): require('/Applications/M...')
#3 {main}
  thrown in /Applications/MAMP/htdocs/woocommerce-grupp10/wp-content/themes/devgrocery/page.php on line 11

