2022-10-04T09:17:50+00:00 CRITICAL syntax error, unexpected end of file in /Users/ottokingstedt/Local Sites/devgrocery/app/public/wp-content/themes/devgrocery/single.php on line 15

2022-10-04T09:18:38+00:00 CRITICAL syntax error, unexpected '<', expecting elseif (T_ELSEIF) or else (T_ELSE) or endif (T_ENDIF) in /Users/ottokingstedt/Local Sites/devgrocery/app/public/wp-content/themes/devgrocery/index.php on line 23

2022-10-04T09:19:39+00:00 CRITICAL Uncaught Error: Call to undefined function devgrocery_posted_on() in /Users/ottokingstedt/Local Sites/devgrocery/app/public/wp-content/themes/devgrocery/template-parts/content.php:21
Stack trace:
#0 /Users/ottokingstedt/Local Sites/devgrocery/app/public/wp-includes/template.php(772): require()
#1 /Users/ottokingstedt/Local Sites/devgrocery/app/public/wp-includes/template.php(716): load_template('/Users/ottoking...', false, Array)
#2 /Users/ottokingstedt/Local Sites/devgrocery/app/public/wp-includes/general-template.php(204): locate_template(Array, true, false, Array)
#3 /Users/ottokingstedt/Local Sites/devgrocery/app/public/wp-content/themes/devgrocery/index.php(26): get_template_part('template-parts/...', 'post')
#4 /Users/ottokingstedt/Local Sites/devgrocery/app/public/wp-includes/template-loader.php(106): include('/Users/ottoking...')
#5 /Users/ottokingstedt/Local Sites/devgrocery/app/public/wp-blog-header.php(19): require_once('/Users/ottoking...')
#6 /Users/ottokingstedt/Local Sites/devgrocery/app/public in /Users/ottokingstedt/Local Sites/devgrocery/app/public/wp-content/themes/devgrocery/template-parts/content.php on line 21

2022-10-04T09:21:04+00:00 CRITICAL Uncaught Error: Call to undefined function devgrocery_post_thumbnail() in /Users/ottokingstedt/Local Sites/devgrocery/app/public/wp-content/themes/devgrocery/template-parts/content.php:24
Stack trace:
#0 /Users/ottokingstedt/Local Sites/devgrocery/app/public/wp-includes/template.php(772): require()
#1 /Users/ottokingstedt/Local Sites/devgrocery/app/public/wp-includes/template.php(716): load_template('/Users/ottoking...', false, Array)
#2 /Users/ottokingstedt/Local Sites/devgrocery/app/public/wp-includes/general-template.php(204): locate_template(Array, true, false, Array)
#3 /Users/ottokingstedt/Local Sites/devgrocery/app/public/wp-content/themes/devgrocery/index.php(26): get_template_part('template-parts/...', 'post')
#4 /Users/ottokingstedt/Local Sites/devgrocery/app/public/wp-includes/template-loader.php(106): include('/Users/ottoking...')
#5 /Users/ottokingstedt/Local Sites/devgrocery/app/public/wp-blog-header.php(19): require_once('/Users/ottoking...')
#6 /Users/ottokingstedt/Local Sites/devgrocery/app/p in /Users/ottokingstedt/Local Sites/devgrocery/app/public/wp-content/themes/devgrocery/template-parts/content.php on line 24

2022-10-04T09:21:14+00:00 CRITICAL Uncaught Error: Call to undefined function devgrocery_entry_footer() in /Users/ottokingstedt/Local Sites/devgrocery/app/public/wp-content/themes/devgrocery/template-parts/content.php:51
Stack trace:
#0 /Users/ottokingstedt/Local Sites/devgrocery/app/public/wp-includes/template.php(772): require()
#1 /Users/ottokingstedt/Local Sites/devgrocery/app/public/wp-includes/template.php(716): load_template('/Users/ottoking...', false, Array)
#2 /Users/ottokingstedt/Local Sites/devgrocery/app/public/wp-includes/general-template.php(204): locate_template(Array, true, false, Array)
#3 /Users/ottokingstedt/Local Sites/devgrocery/app/public/wp-content/themes/devgrocery/index.php(26): get_template_part('template-parts/...', 'post')
#4 /Users/ottokingstedt/Local Sites/devgrocery/app/public/wp-includes/template-loader.php(106): include('/Users/ottoking...')
#5 /Users/ottokingstedt/Local Sites/devgrocery/app/public/wp-blog-header.php(19): require_once('/Users/ottoking...')
#6 /Users/ottokingstedt/Local Sites/devgrocery/app/pub in /Users/ottokingstedt/Local Sites/devgrocery/app/public/wp-content/themes/devgrocery/template-parts/content.php on line 51

2022-10-04T09:32:45+00:00 CRITICAL syntax error, unexpected end of file in /Users/ottokingstedt/Local Sites/devgrocery/app/public/wp-content/themes/devgrocery/single.php on line 15

2022-10-04T11:27:29+00:00 CRITICAL syntax error, unexpected end of file, expecting '(' in /Users/ottokingstedt/Local Sites/devgrocery/app/public/wp-content/themes/devgrocery/functions.php on line 361

2022-10-04T11:29:36+00:00 CRITICAL syntax error, unexpected '}' in /Users/ottokingstedt/Local Sites/devgrocery/app/public/wp-content/themes/devgrocery/functions.php on line 369

2022-10-04T11:53:18+00:00 CRITICAL Uncaught Error: Call to undefined function acf_add_optiions_page() in /Users/ottokingstedt/Local Sites/devgrocery/app/public/wp-content/themes/devgrocery/functions.php:379
Stack trace:
#0 /Users/ottokingstedt/Local Sites/devgrocery/app/public/wp-settings.php(566): include()
#1 /Users/ottokingstedt/Local Sites/devgrocery/app/public/wp-config.php(91): require_once('/Users/ottoking...')
#2 /Users/ottokingstedt/Local Sites/devgrocery/app/public/wp-load.php(50): require_once('/Users/ottoking...')
#3 /Users/ottokingstedt/Local Sites/devgrocery/app/public/wp-admin/admin-ajax.php(22): require_once('/Users/ottoking...')
#4 {main}
  thrown in /Users/ottokingstedt/Local Sites/devgrocery/app/public/wp-content/themes/devgrocery/functions.php on line 379

2022-10-04T11:55:37+00:00 CRITICAL Uncaught Error: Call to undefined function acf_add_optiions_page() in /Users/ottokingstedt/Local Sites/devgrocery/app/public/wp-content/themes/devgrocery/functions.php:379
Stack trace:
#0 /Users/ottokingstedt/Local Sites/devgrocery/app/public/wp-settings.php(566): include()
#1 /Users/ottokingstedt/Local Sites/devgrocery/app/public/wp-config.php(91): require_once('/Users/ottoking...')
#2 /Users/ottokingstedt/Local Sites/devgrocery/app/public/wp-load.php(50): require_once('/Users/ottoking...')
#3 /Users/ottokingstedt/Local Sites/devgrocery/app/public/wp-admin/admin-ajax.php(22): require_once('/Users/ottoking...')
#4 {main}
  thrown in /Users/ottokingstedt/Local Sites/devgrocery/app/public/wp-content/themes/devgrocery/functions.php on line 379

2022-10-04T11:57:55+00:00 CRITICAL Uncaught Error: Call to undefined function acf_add_optiions_page() in /Users/ottokingstedt/Local Sites/devgrocery/app/public/wp-content/themes/devgrocery/functions.php:379
Stack trace:
#0 /Users/ottokingstedt/Local Sites/devgrocery/app/public/wp-settings.php(566): include()
#1 /Users/ottokingstedt/Local Sites/devgrocery/app/public/wp-config.php(91): require_once('/Users/ottoking...')
#2 /Users/ottokingstedt/Local Sites/devgrocery/app/public/wp-load.php(50): require_once('/Users/ottoking...')
#3 /Users/ottokingstedt/Local Sites/devgrocery/app/public/wp-admin/admin-ajax.php(22): require_once('/Users/ottoking...')
#4 {main}
  thrown in /Users/ottokingstedt/Local Sites/devgrocery/app/public/wp-content/themes/devgrocery/functions.php on line 379

2022-10-04T11:58:48+00:00 CRITICAL Uncaught Error: Call to undefined function acf_add_optiions_page() in /Users/ottokingstedt/Local Sites/devgrocery/app/public/wp-content/themes/devgrocery/functions.php:379
Stack trace:
#0 /Users/ottokingstedt/Local Sites/devgrocery/app/public/wp-settings.php(566): include()
#1 /Users/ottokingstedt/Local Sites/devgrocery/app/public/wp-config.php(91): require_once('/Users/ottoking...')
#2 /Users/ottokingstedt/Local Sites/devgrocery/app/public/wp-load.php(50): require_once('/Users/ottoking...')
#3 /Users/ottokingstedt/Local Sites/devgrocery/app/public/wp-admin/admin.php(34): require_once('/Users/ottoking...')
#4 /Users/ottokingstedt/Local Sites/devgrocery/app/public/wp-admin/edit.php(10): require_once('/Users/ottoking...')
#5 {main}
  thrown in /Users/ottokingstedt/Local Sites/devgrocery/app/public/wp-content/themes/devgrocery/functions.php on line 379

2022-10-04T11:58:48+00:00 CRITICAL Uncaught Error: Call to undefined function acf_add_optiions_page() in /Users/ottokingstedt/Local Sites/devgrocery/app/public/wp-content/themes/devgrocery/functions.php:379
Stack trace:
#0 /Users/ottokingstedt/Local Sites/devgrocery/app/public/wp-settings.php(566): include()
#1 /Users/ottokingstedt/Local Sites/devgrocery/app/public/wp-config.php(91): require_once('/Users/ottoking...')
#2 /Users/ottokingstedt/Local Sites/devgrocery/app/public/wp-load.php(50): require_once('/Users/ottoking...')
#3 /Users/ottokingstedt/Local Sites/devgrocery/app/public/wp-admin/admin-ajax.php(22): require_once('/Users/ottoking...')
#4 {main}
  thrown in /Users/ottokingstedt/Local Sites/devgrocery/app/public/wp-content/themes/devgrocery/functions.php on line 379

2022-10-04T12:38:30+00:00 CRITICAL Cannot redeclare remove_woocommerce_styles() (previously declared in /Users/ottokingstedt/Local Sites/devgrocery/app/public/wp-content/themes/devgrocery/functions.php:216) in /Users/ottokingstedt/Local Sites/devgrocery/app/public/wp-content/themes/devgrocery/functions.php on line 259

2022-10-04T12:39:11+00:00 CRITICAL Cannot redeclare remove_woocommerce_styles() (previously declared in /Users/ottokingstedt/Local Sites/devgrocery/app/public/wp-content/themes/devgrocery/functions.php:216) in /Users/ottokingstedt/Local Sites/devgrocery/app/public/wp-content/themes/devgrocery/functions.php on line 259

2022-10-04T12:39:30+00:00 CRITICAL Cannot redeclare remove_woocommerce_styles() (previously declared in /Users/ottokingstedt/Local Sites/devgrocery/app/public/wp-content/themes/devgrocery/functions.php:216) in /Users/ottokingstedt/Local Sites/devgrocery/app/public/wp-content/themes/devgrocery/functions.php on line 259

2022-10-04T12:40:30+00:00 CRITICAL Cannot redeclare remove_woocommerce_styles() (previously declared in /Users/ottokingstedt/Local Sites/devgrocery/app/public/wp-content/themes/devgrocery/functions.php:216) in /Users/ottokingstedt/Local Sites/devgrocery/app/public/wp-content/themes/devgrocery/functions.php on line 259

2022-10-04T12:41:04+00:00 CRITICAL Cannot redeclare remove_woocommerce_styles() (previously declared in /Users/ottokingstedt/Local Sites/devgrocery/app/public/wp-content/themes/devgrocery/functions.php:216) in /Users/ottokingstedt/Local Sites/devgrocery/app/public/wp-content/themes/devgrocery/functions.php on line 259

2022-10-04T12:41:16+00:00 CRITICAL Cannot redeclare remove_woocommerce_styles() (previously declared in /Users/ottokingstedt/Local Sites/devgrocery/app/public/wp-content/themes/devgrocery/functions.php:216) in /Users/ottokingstedt/Local Sites/devgrocery/app/public/wp-content/themes/devgrocery/functions.php on line 259

2022-10-04T12:41:19+00:00 CRITICAL Cannot redeclare remove_woocommerce_styles() (previously declared in /Users/ottokingstedt/Local Sites/devgrocery/app/public/wp-content/themes/devgrocery/functions.php:216) in /Users/ottokingstedt/Local Sites/devgrocery/app/public/wp-content/themes/devgrocery/functions.php on line 259

2022-10-04T12:41:32+00:00 CRITICAL Cannot redeclare remove_woocommerce_styles() (previously declared in /Users/ottokingstedt/Local Sites/devgrocery/app/public/wp-content/themes/devgrocery/functions.php:216) in /Users/ottokingstedt/Local Sites/devgrocery/app/public/wp-content/themes/devgrocery/functions.php on line 259

2022-10-04T12:42:33+00:00 CRITICAL Cannot redeclare remove_woocommerce_styles() (previously declared in /Users/ottokingstedt/Local Sites/devgrocery/app/public/wp-content/themes/devgrocery/functions.php:216) in /Users/ottokingstedt/Local Sites/devgrocery/app/public/wp-content/themes/devgrocery/functions.php on line 259

2022-10-04T12:43:33+00:00 CRITICAL Cannot redeclare remove_woocommerce_styles() (previously declared in /Users/ottokingstedt/Local Sites/devgrocery/app/public/wp-content/themes/devgrocery/functions.php:216) in /Users/ottokingstedt/Local Sites/devgrocery/app/public/wp-content/themes/devgrocery/functions.php on line 259

2022-10-04T12:43:40+00:00 CRITICAL Cannot redeclare remove_woocommerce_styles() (previously declared in /Users/ottokingstedt/Local Sites/devgrocery/app/public/wp-content/themes/devgrocery/functions.php:216) in /Users/ottokingstedt/Local Sites/devgrocery/app/public/wp-content/themes/devgrocery/functions.php on line 259

2022-10-04T12:44:33+00:00 CRITICAL Cannot redeclare remove_woocommerce_styles() (previously declared in /Users/ottokingstedt/Local Sites/devgrocery/app/public/wp-content/themes/devgrocery/functions.php:216) in /Users/ottokingstedt/Local Sites/devgrocery/app/public/wp-content/themes/devgrocery/functions.php on line 259

2022-10-04T12:45:33+00:00 CRITICAL Cannot redeclare remove_woocommerce_styles() (previously declared in /Users/ottokingstedt/Local Sites/devgrocery/app/public/wp-content/themes/devgrocery/functions.php:216) in /Users/ottokingstedt/Local Sites/devgrocery/app/public/wp-content/themes/devgrocery/functions.php on line 259

2022-10-04T12:45:36+00:00 CRITICAL Cannot redeclare remove_woocommerce_styles() (previously declared in /Users/ottokingstedt/Local Sites/devgrocery/app/public/wp-content/themes/devgrocery/functions.php:216) in /Users/ottokingstedt/Local Sites/devgrocery/app/public/wp-content/themes/devgrocery/functions.php on line 259

2022-10-04T12:46:35+00:00 CRITICAL Cannot redeclare remove_woocommerce_styles() (previously declared in /Users/ottokingstedt/Local Sites/devgrocery/app/public/wp-content/themes/devgrocery/functions.php:216) in /Users/ottokingstedt/Local Sites/devgrocery/app/public/wp-content/themes/devgrocery/functions.php on line 259

2022-10-04T12:48:35+00:00 CRITICAL Cannot redeclare remove_woocommerce_styles() (previously declared in /Users/ottokingstedt/Local Sites/devgrocery/app/public/wp-content/themes/devgrocery/functions.php:216) in /Users/ottokingstedt/Local Sites/devgrocery/app/public/wp-content/themes/devgrocery/functions.php on line 259

2022-10-04T12:48:52+00:00 CRITICAL Cannot redeclare remove_woocommerce_styles() (previously declared in /Users/ottokingstedt/Local Sites/devgrocery/app/public/wp-content/themes/devgrocery/functions.php:216) in /Users/ottokingstedt/Local Sites/devgrocery/app/public/wp-content/themes/devgrocery/functions.php on line 259

2022-10-04T12:48:52+00:00 CRITICAL Cannot redeclare remove_woocommerce_styles() (previously declared in /Users/ottokingstedt/Local Sites/devgrocery/app/public/wp-content/themes/devgrocery/functions.php:216) in /Users/ottokingstedt/Local Sites/devgrocery/app/public/wp-content/themes/devgrocery/functions.php on line 259

2022-10-04T12:50:17+00:00 CRITICAL syntax error, unexpected '}', expecting end of file in /Users/ottokingstedt/Local Sites/devgrocery/app/public/wp-content/themes/devgrocery/functions.php on line 272

2022-10-04T12:50:17+00:00 CRITICAL syntax error, unexpected '}', expecting end of file in /Users/ottokingstedt/Local Sites/devgrocery/app/public/wp-content/themes/devgrocery/functions.php on line 272

2022-10-04T12:55:35+00:00 CRITICAL Uncaught Error: Call to a member function have_posts() on null in /Users/ottokingstedt/Local Sites/devgrocery/app/public/wp-content/themes/devgrocery/page.php:11
Stack trace:
#0 /Users/ottokingstedt/Local Sites/devgrocery/app/public/wp-includes/template-loader.php(106): include()
#1 /Users/ottokingstedt/Local Sites/devgrocery/app/public/wp-blog-header.php(19): require_once('/Users/ottoking...')
#2 /Users/ottokingstedt/Local Sites/devgrocery/app/public/index.php(17): require('/Users/ottoking...')
#3 {main}
  thrown in /Users/ottokingstedt/Local Sites/devgrocery/app/public/wp-content/themes/devgrocery/page.php on line 11

2022-10-04T12:55:53+00:00 CRITICAL Uncaught Error: Call to a member function have_posts() on null in /Users/ottokingstedt/Local Sites/devgrocery/app/public/wp-content/themes/devgrocery/page.php:11
Stack trace:
#0 /Users/ottokingstedt/Local Sites/devgrocery/app/public/wp-includes/template-loader.php(106): include()
#1 /Users/ottokingstedt/Local Sites/devgrocery/app/public/wp-blog-header.php(19): require_once('/Users/ottoking...')
#2 /Users/ottokingstedt/Local Sites/devgrocery/app/public/index.php(17): require('/Users/ottoking...')
#3 {main}
  thrown in /Users/ottokingstedt/Local Sites/devgrocery/app/public/wp-content/themes/devgrocery/page.php on line 11

2022-10-04T12:55:55+00:00 CRITICAL Uncaught Error: Call to a member function have_posts() on null in /Users/ottokingstedt/Local Sites/devgrocery/app/public/wp-content/themes/devgrocery/page.php:11
Stack trace:
#0 /Users/ottokingstedt/Local Sites/devgrocery/app/public/wp-includes/template-loader.php(106): include()
#1 /Users/ottokingstedt/Local Sites/devgrocery/app/public/wp-blog-header.php(19): require_once('/Users/ottoking...')
#2 /Users/ottokingstedt/Local Sites/devgrocery/app/public/index.php(17): require('/Users/ottoking...')
#3 {main}
  thrown in /Users/ottokingstedt/Local Sites/devgrocery/app/public/wp-content/themes/devgrocery/page.php on line 11

2022-10-04T12:55:57+00:00 CRITICAL Uncaught Error: Call to a member function have_posts() on null in /Users/ottokingstedt/Local Sites/devgrocery/app/public/wp-content/themes/devgrocery/page.php:11
Stack trace:
#0 /Users/ottokingstedt/Local Sites/devgrocery/app/public/wp-includes/template-loader.php(106): include()
#1 /Users/ottokingstedt/Local Sites/devgrocery/app/public/wp-blog-header.php(19): require_once('/Users/ottoking...')
#2 /Users/ottokingstedt/Local Sites/devgrocery/app/public/index.php(17): require('/Users/ottoking...')
#3 {main}
  thrown in /Users/ottokingstedt/Local Sites/devgrocery/app/public/wp-content/themes/devgrocery/page.php on line 11

2022-10-04T12:55:58+00:00 CRITICAL Uncaught Error: Call to a member function have_posts() on null in /Users/ottokingstedt/Local Sites/devgrocery/app/public/wp-content/themes/devgrocery/page.php:11
Stack trace:
#0 /Users/ottokingstedt/Local Sites/devgrocery/app/public/wp-includes/template-loader.php(106): include()
#1 /Users/ottokingstedt/Local Sites/devgrocery/app/public/wp-blog-header.php(19): require_once('/Users/ottoking...')
#2 /Users/ottokingstedt/Local Sites/devgrocery/app/public/index.php(17): require('/Users/ottoking...')
#3 {main}
  thrown in /Users/ottokingstedt/Local Sites/devgrocery/app/public/wp-content/themes/devgrocery/page.php on line 11

2022-10-04T12:55:59+00:00 CRITICAL Uncaught Error: Call to a member function have_posts() on null in /Users/ottokingstedt/Local Sites/devgrocery/app/public/wp-content/themes/devgrocery/page.php:11
Stack trace:
#0 /Users/ottokingstedt/Local Sites/devgrocery/app/public/wp-includes/template-loader.php(106): include()
#1 /Users/ottokingstedt/Local Sites/devgrocery/app/public/wp-blog-header.php(19): require_once('/Users/ottoking...')
#2 /Users/ottokingstedt/Local Sites/devgrocery/app/public/index.php(17): require('/Users/ottoking...')
#3 {main}
  thrown in /Users/ottokingstedt/Local Sites/devgrocery/app/public/wp-content/themes/devgrocery/page.php on line 11

2022-10-04T12:56:36+00:00 CRITICAL Uncaught Error: Call to a member function have_posts() on null in /Users/ottokingstedt/Local Sites/devgrocery/app/public/wp-content/themes/devgrocery/page.php:11
Stack trace:
#0 /Users/ottokingstedt/Local Sites/devgrocery/app/public/wp-includes/template-loader.php(106): include()
#1 /Users/ottokingstedt/Local Sites/devgrocery/app/public/wp-blog-header.php(19): require_once('/Users/ottoking...')
#2 /Users/ottokingstedt/Local Sites/devgrocery/app/public/index.php(17): require('/Users/ottoking...')
#3 {main}
  thrown in /Users/ottokingstedt/Local Sites/devgrocery/app/public/wp-content/themes/devgrocery/page.php on line 11

2022-10-04T12:57:52+00:00 CRITICAL Uncaught Error: Call to a member function have_posts() on null in /Users/ottokingstedt/Local Sites/devgrocery/app/public/wp-content/themes/devgrocery/page.php:11
Stack trace:
#0 /Users/ottokingstedt/Local Sites/devgrocery/app/public/wp-includes/template-loader.php(106): include()
#1 /Users/ottokingstedt/Local Sites/devgrocery/app/public/wp-blog-header.php(19): require_once('/Users/ottoking...')
#2 /Users/ottokingstedt/Local Sites/devgrocery/app/public/index.php(17): require('/Users/ottoking...')
#3 {main}
  thrown in /Users/ottokingstedt/Local Sites/devgrocery/app/public/wp-content/themes/devgrocery/page.php on line 11

2022-10-04T12:57:54+00:00 CRITICAL Uncaught Error: Call to a member function have_posts() on null in /Users/ottokingstedt/Local Sites/devgrocery/app/public/wp-content/themes/devgrocery/page.php:11
Stack trace:
#0 /Users/ottokingstedt/Local Sites/devgrocery/app/public/wp-includes/template-loader.php(106): include()
#1 /Users/ottokingstedt/Local Sites/devgrocery/app/public/wp-blog-header.php(19): require_once('/Users/ottoking...')
#2 /Users/ottokingstedt/Local Sites/devgrocery/app/public/index.php(17): require('/Users/ottoking...')
#3 {main}
  thrown in /Users/ottokingstedt/Local Sites/devgrocery/app/public/wp-content/themes/devgrocery/page.php on line 11

2022-10-04T12:57:55+00:00 CRITICAL Uncaught Error: Call to a member function have_posts() on null in /Users/ottokingstedt/Local Sites/devgrocery/app/public/wp-content/themes/devgrocery/page.php:11
Stack trace:
#0 /Users/ottokingstedt/Local Sites/devgrocery/app/public/wp-includes/template-loader.php(106): include()
#1 /Users/ottokingstedt/Local Sites/devgrocery/app/public/wp-blog-header.php(19): require_once('/Users/ottoking...')
#2 /Users/ottokingstedt/Local Sites/devgrocery/app/public/index.php(17): require('/Users/ottoking...')
#3 {main}
  thrown in /Users/ottokingstedt/Local Sites/devgrocery/app/public/wp-content/themes/devgrocery/page.php on line 11

2022-10-04T12:57:56+00:00 CRITICAL Uncaught Error: Call to a member function have_posts() on null in /Users/ottokingstedt/Local Sites/devgrocery/app/public/wp-content/themes/devgrocery/page.php:11
Stack trace:
#0 /Users/ottokingstedt/Local Sites/devgrocery/app/public/wp-includes/template-loader.php(106): include()
#1 /Users/ottokingstedt/Local Sites/devgrocery/app/public/wp-blog-header.php(19): require_once('/Users/ottoking...')
#2 /Users/ottokingstedt/Local Sites/devgrocery/app/public/index.php(17): require('/Users/ottoking...')
#3 {main}
  thrown in /Users/ottokingstedt/Local Sites/devgrocery/app/public/wp-content/themes/devgrocery/page.php on line 11

2022-10-04T12:58:27+00:00 CRITICAL Uncaught Error: Call to a member function have_posts() on null in /Users/ottokingstedt/Local Sites/devgrocery/app/public/wp-content/themes/devgrocery/page.php:11
Stack trace:
#0 /Users/ottokingstedt/Local Sites/devgrocery/app/public/wp-includes/template-loader.php(106): include()
#1 /Users/ottokingstedt/Local Sites/devgrocery/app/public/wp-blog-header.php(19): require_once('/Users/ottoking...')
#2 /Users/ottokingstedt/Local Sites/devgrocery/app/public/index.php(17): require('/Users/ottoking...')
#3 {main}
  thrown in /Users/ottokingstedt/Local Sites/devgrocery/app/public/wp-content/themes/devgrocery/page.php on line 11

2022-10-04T12:58:41+00:00 CRITICAL Uncaught Error: Call to a member function have_posts() on null in /Users/ottokingstedt/Local Sites/devgrocery/app/public/wp-content/themes/devgrocery/page.php:11
Stack trace:
#0 /Users/ottokingstedt/Local Sites/devgrocery/app/public/wp-includes/template-loader.php(106): include()
#1 /Users/ottokingstedt/Local Sites/devgrocery/app/public/wp-blog-header.php(19): require_once('/Users/ottoking...')
#2 /Users/ottokingstedt/Local Sites/devgrocery/app/public/index.php(17): require('/Users/ottoking...')
#3 {main}
  thrown in /Users/ottokingstedt/Local Sites/devgrocery/app/public/wp-content/themes/devgrocery/page.php on line 11

2022-10-04T12:58:44+00:00 CRITICAL Uncaught Error: Call to a member function have_posts() on null in /Users/ottokingstedt/Local Sites/devgrocery/app/public/wp-content/themes/devgrocery/page.php:11
Stack trace:
#0 /Users/ottokingstedt/Local Sites/devgrocery/app/public/wp-includes/template-loader.php(106): include()
#1 /Users/ottokingstedt/Local Sites/devgrocery/app/public/wp-blog-header.php(19): require_once('/Users/ottoking...')
#2 /Users/ottokingstedt/Local Sites/devgrocery/app/public/index.php(17): require('/Users/ottoking...')
#3 {main}
  thrown in /Users/ottokingstedt/Local Sites/devgrocery/app/public/wp-content/themes/devgrocery/page.php on line 11

2022-10-04T13:11:06+00:00 CRITICAL syntax error, unexpected end of file in /Users/ottokingstedt/Local Sites/devgrocery/app/public/wp-content/themes/devgrocery/template-parts/blocks/testimonials.php on line 1

2022-10-04T13:15:30+00:00 CRITICAL Uncaught Error: Call to a member function have_posts() on null in /Users/ottokingstedt/Local Sites/devgrocery/app/public/wp-content/themes/devgrocery/page.php:11
Stack trace:
#0 /Users/ottokingstedt/Local Sites/devgrocery/app/public/wp-includes/template-loader.php(106): include()
#1 /Users/ottokingstedt/Local Sites/devgrocery/app/public/wp-blog-header.php(19): require_once('/Users/ottoking...')
#2 /Users/ottokingstedt/Local Sites/devgrocery/app/public/index.php(17): require('/Users/ottoking...')
#3 {main}
  thrown in /Users/ottokingstedt/Local Sites/devgrocery/app/public/wp-content/themes/devgrocery/page.php on line 11

2022-10-04T13:16:54+00:00 CRITICAL Uncaught Error: Call to a member function have_posts() on null in /Users/ottokingstedt/Local Sites/devgrocery/app/public/wp-content/themes/devgrocery/page.php:11
Stack trace:
#0 /Users/ottokingstedt/Local Sites/devgrocery/app/public/wp-includes/template-loader.php(106): include()
#1 /Users/ottokingstedt/Local Sites/devgrocery/app/public/wp-blog-header.php(19): require_once('/Users/ottoking...')
#2 /Users/ottokingstedt/Local Sites/devgrocery/app/public/index.php(17): require('/Users/ottoking...')
#3 {main}
  thrown in /Users/ottokingstedt/Local Sites/devgrocery/app/public/wp-content/themes/devgrocery/page.php on line 11

2022-10-04T13:17:45+00:00 CRITICAL Uncaught Error: Call to a member function have_posts() on null in /Users/ottokingstedt/Local Sites/devgrocery/app/public/wp-content/themes/devgrocery/page.php:11
Stack trace:
#0 /Users/ottokingstedt/Local Sites/devgrocery/app/public/wp-includes/template-loader.php(106): include()
#1 /Users/ottokingstedt/Local Sites/devgrocery/app/public/wp-blog-header.php(19): require_once('/Users/ottoking...')
#2 /Users/ottokingstedt/Local Sites/devgrocery/app/public/index.php(17): require('/Users/ottoking...')
#3 {main}
  thrown in /Users/ottokingstedt/Local Sites/devgrocery/app/public/wp-content/themes/devgrocery/page.php on line 11

2022-10-04T13:38:35+00:00 CRITICAL Uncaught Error: Call to a member function have_posts() on null in /Users/ottokingstedt/Local Sites/devgrocery/app/public/wp-content/themes/devgrocery/page.php:11
Stack trace:
#0 /Users/ottokingstedt/Local Sites/devgrocery/app/public/wp-includes/template-loader.php(106): include()
#1 /Users/ottokingstedt/Local Sites/devgrocery/app/public/wp-blog-header.php(19): require_once('/Users/ottoking...')
#2 /Users/ottokingstedt/Local Sites/devgrocery/app/public/index.php(17): require('/Users/ottoking...')
#3 {main}
  thrown in /Users/ottokingstedt/Local Sites/devgrocery/app/public/wp-content/themes/devgrocery/page.php on line 11

2022-10-04T13:38:39+00:00 CRITICAL Uncaught Error: Call to a member function have_posts() on null in /Users/ottokingstedt/Local Sites/devgrocery/app/public/wp-content/themes/devgrocery/page.php:11
Stack trace:
#0 /Users/ottokingstedt/Local Sites/devgrocery/app/public/wp-includes/template-loader.php(106): include()
#1 /Users/ottokingstedt/Local Sites/devgrocery/app/public/wp-blog-header.php(19): require_once('/Users/ottoking...')
#2 /Users/ottokingstedt/Local Sites/devgrocery/app/public/index.php(17): require('/Users/ottoking...')
#3 {main}
  thrown in /Users/ottokingstedt/Local Sites/devgrocery/app/public/wp-content/themes/devgrocery/page.php on line 11

2022-10-04T13:45:29+00:00 CRITICAL syntax error, unexpected end of file, expecting elseif (T_ELSEIF) or else (T_ELSE) or endif (T_ENDIF) in /Users/ottokingstedt/Local Sites/devgrocery/app/public/wp-content/themes/devgrocery/page.php on line 28

2022-10-04T13:45:55+00:00 CRITICAL Uncaught Error: Call to a member function have_posts() on null in /Users/ottokingstedt/Local Sites/devgrocery/app/public/wp-content/themes/devgrocery/page.php:11
Stack trace:
#0 /Users/ottokingstedt/Local Sites/devgrocery/app/public/wp-includes/template-loader.php(106): include()
#1 /Users/ottokingstedt/Local Sites/devgrocery/app/public/wp-blog-header.php(19): require_once('/Users/ottoking...')
#2 /Users/ottokingstedt/Local Sites/devgrocery/app/public/index.php(17): require('/Users/ottoking...')
#3 {main}
  thrown in /Users/ottokingstedt/Local Sites/devgrocery/app/public/wp-content/themes/devgrocery/page.php on line 11

2022-10-04T13:47:58+00:00 CRITICAL syntax error, unexpected end of file in /Users/ottokingstedt/Local Sites/devgrocery/app/public/wp-content/themes/devgrocery/template-parts/blocks/testimonials.php on line 1

2022-10-04T13:48:01+00:00 CRITICAL syntax error, unexpected end of file in /Users/ottokingstedt/Local Sites/devgrocery/app/public/wp-content/themes/devgrocery/template-parts/blocks/testimonials.php on line 1

2022-10-04T13:48:03+00:00 CRITICAL syntax error, unexpected 'else' (T_ELSE), expecting end of file in /Users/ottokingstedt/Local Sites/devgrocery/app/public/wp-content/themes/devgrocery/index.php on line 30

2022-10-04T13:48:05+00:00 CRITICAL syntax error, unexpected 'else' (T_ELSE), expecting end of file in /Users/ottokingstedt/Local Sites/devgrocery/app/public/wp-content/themes/devgrocery/index.php on line 30

2022-10-04T14:01:07+00:00 CRITICAL syntax error, unexpected end of file in /Users/ottokingstedt/Local Sites/devgrocery/app/public/wp-content/themes/devgrocery/template-parts/blocks/testimonials.php on line 1

2022-10-04T14:21:43+00:00 CRITICAL Uncaught Error: Call to undefined function have_post() in /Users/ottokingstedt/Local Sites/devgrocery/app/public/wp-content/themes/devgrocery/template-parts/blocks/testimonials.php:19
Stack trace:
#0 /Users/ottokingstedt/Local Sites/devgrocery/app/public/wp-content/plugins/advanced-custom-fields-pro/pro/blocks.php(390): include()
#1 /Users/ottokingstedt/Local Sites/devgrocery/app/public/wp-content/plugins/advanced-custom-fields-pro/pro/blocks.php(327): acf_render_block(Array, '', false, 106, Object(WP_Block))
#2 /Users/ottokingstedt/Local Sites/devgrocery/app/public/wp-content/plugins/advanced-custom-fields-pro/pro/blocks.php(307): acf_rendered_block(Array, '', false, 106, Object(WP_Block))
#3 /Users/ottokingstedt/Local Sites/devgrocery/app/public/wp-includes/class-wp-block.php(255): acf_render_block_callback(Array, '', Object(WP_Block))
#4 /Users/ottokingstedt/Local Sites/devgrocery/app/public/wp-includes/blocks.php(902): WP_Block->render()
#5 /Users/ottokingstedt/Local Sites/devgrocery/app/public/wp-include in /Users/ottokingstedt/Local Sites/devgrocery/app/public/wp-content/themes/devgrocery/template-parts/blocks/testimonials.php on line 19

2022-10-04T20:54:18+00:00 CRITICAL syntax error, unexpected 'else' (T_ELSE), expecting end of file in /Users/ottokingstedt/Local Sites/devgrocery/app/public/wp-content/themes/devgrocery/index.php on line 29

2022-10-04T21:08:40+00:00 CRITICAL syntax error, unexpected end of file in /Users/ottokingstedt/Local Sites/devgrocery/app/public/wp-content/themes/devgrocery/functions.php on line 410

